<?xml version="1.0" encoding="UTF-8"?>
<!-- Generated by org.testng.reporters.JUnitReportReporter -->
<testsuite hostname="DESKTOP-SSHDTPK" failures="0" tests="2" name="academy.HomePage" time="87.070" errors="0" timestamp="09 Mar 2020 09:06:34 GMT" skipped="0">
  <testcase classname="academy.HomePage" name="basePageNavigator" time="51.103"/>
  <testcase classname="academy.HomePage" name="basePageNavigator" time="35.967"/>
</testsuite> <!-- academy.HomePage -->
