<?xml version="1.0" encoding="UTF-8"?>
<!-- Generated by org.testng.reporters.JUnitReportReporter -->
<testsuite hostname="DESKTOP-SSHDTPK" failures="0" tests="2" name="academy.validatePage" time="5.997" errors="0" timestamp="09 Mar 2020 09:06:34 GMT" skipped="0">
  <testcase classname="academy.validatePage" name="basePageNavigator" time="5.381"/>
  <testcase classname="academy.validatePage" name="validateHeader" time="0.616"/>
</testsuite> <!-- academy.validatePage -->
